<?xml version="1.0" encoding="UTF-8"?>
<!-- Generated by org.testng.reporters.JUnitReportReporter -->
<testsuite hostname="Ayushdhardwivedi" failures="0" tests="3" name="PNR.PNRTest" time="2.392" errors="0" timestamp="2025-04-30T10:31:01 IST" skipped="0">
  <testcase classname="PNR.PNRTest" name="testGetPNRDetails" time="2.170"/>
  <testcase classname="PNR.PNRTest" name="testGetPNRDetails_RAC" time="0.096"/>
  <testcase classname="PNR.PNRTest" name="testGetPNRDetails_Waiting" time="0.126"/>
</testsuite> <!-- PNR.PNRTest -->
